Case #1:
1: QXTFY
2: ABOIY
3: TLVSN
4: RUHZR
5: NJLYN
6: GWNZF
7: HRGVQ
8: EBRCB
9: AYVES
10: HGZCN
11: ALTSN
12: RCIKG
13: GAQVU
14: YCLVH
15: KXLED
16: RXRCN
17: ISPUO
18: UQMXM
19: VDRQV
20: DWUXO
21: UICFI
22: QIKPA
23: GDIKK
24: IVXRW
25: YZCVZ
Case #2:
1: SFPDDGVEUY
2: IQZWIFGVFG
3: LXKACMCEYT
4: LTRPKIXLGK
5: XXWIZTQVZJ
6: BUHLWQTDGZ
7: ENOWFCZHQP
8: EWRFPVDELA
9: BNIIMHTIXK
10: HZTQISGGXU
11: RDKQCVSZKF
12: TBXVMVACSW
13: BQGRURVSCU
14: QSGLREJKUK
15: EHMWVDGHXT
16: GGVYIIRAXY
17: WXJUAAQNHV
18: NOXIZNTKJN
19: CAJSJCOENG
20: BKYJAXTZLE
21: VLTLXWMTPE
22: UURQTDQZGU
23: PMBPOUUYEP
24: SVWIIUHEMP
25: GEGIDIUWBP
26: GGMZLGLOXP
27: HODHUONLLW
28: TIMUOZGEDF
29: ACGKCCYGMU
30: PINFLRNJXJ
31: STWTSEBABG
32: HYDRMCHFFQ
33: HGVXCCZDKR
34: BTTLTWXYCY
35: KPJDGVNFGV
36: HLOGTPZMLA
37: GIQSACUQGK
38: SNBSWDRPDC
39: RGUKNLFRPS
40: SKJCUXJOHJ
41: VUZOKJJQRI
42: YXSMCFFROE
43: TJOMZJSSIY
44: UXYSTQXUQA
45: AXXDMLXGLE
46: KMFJUQDCUR
47: SPSDFUAZWK
48: UFXRALODPJ
49: TEXZYRSVJV
50: FOCNZWRIIO
51: OJSIWLEWLG
52: AYFERRGYWN
53: VXTGACCPHK
54: TCDJIWYJKJ
55: BUQNQLRZUO
56: CZGXWKBXNN
57: PRDMQLWJOT
58: NLYXDDUZEC
59: UQWHQHPDWM
60: UDEXKANALB
61: UCNQMABTTQ
62: JHDVETUKAA
63: LZUWBPVNFD
64: KGEJWQVHHM
65: SOBMTJJTIF
66: QFVHZXJVOR
67: WFIVZIIPNY
68: PHASZYWROB
69: RTGOUEHPBT
70: VKRGFTGXJN
71: GNVKCVIWFR
72: NMABZBKRTV
73: YHCVLOIKWU
74: PTAXEVNIZH
75: YPSQEKBXJX
76: SWBPHDCAPN
77: KRKNFAACMO
78: PRPXCSAAAO
79: KAHGHZQYEM
80: FOOXATFHKT
81: MDASCNTQNE
82: WVYPBDJJAS
83: TKATCTJBPC
84: XVYBREWNOW
85: PIGJQDXWZI
86: ORRKAUMCJV
87: ZSLCBTBZFL
88: WUOAJVFNXW
89: KYCOLWZURH
90: EZPXMPTYIL
91: TLMBGNJOCZ
92: AONQMRKMSM
93: NHPUXMAGBE
94: EOPLWUTTSW
95: IFIGELLALP
96: FROUQAJMAR
97: AQIYGLEPVG
98: XFGMSEILXA
99: HIHRQMDCOQ
100: RTHIOZIZLL
Case #3:
1: BOLT
2: GAY
3: PEIMENG
3: TIANBING
4: LARRY
Case #4:
1: AOUAOC
2: PQJQIS
3: HOIUYI
4: YKKULZ
5: RZDTJX
6: CRHYXR
7: ZQKRMK
8: MCAAGB
9: EKMJMJ
10: WRLIAZ
11: QQHFAG
12: CHWNHB
13: KVPRAS
14: VHDAVQ
15: TRASJV
16: NKLXDZ
17: USJXLU
18: DNHBDO
19: ZCZKUK
20: UVEGRR
21: ORWEKW
Case #5:
1: ZRZEE
2: OAGUX
3: REOKY
4: VMXXQ
5: WWAVP
6: KOXQZ
7: UYJDB
8: BMGVT
9: XFNDA
10: DYUWH
11: SGNQV
12: AVWNA
13: HDGMT
14: MARJY
15: JUACB
16: UJCQG
17: JRDJX
18: QPUQK
19: SWIBY
20: HTCGS
21: MLEXO
22: WIFKU
23: LTPAJ
24: HXWRZ
25: LQYFG
Case #6:
1: CNWAYXE
2: EHYXFCC
3: YAHXJEC
4: OKZLILK
5: YMZBZJQ
6: SICPEVV
7: SRMQEIR
8: VJZCYDD
9: VWRDDWQ
10: BESFDWZ
11: JIYMSIR
12: CWDSLMZ
13: DEIIQOI
14: VNWBXUZ
15: VUMJBPW
16: PXZBQDN
17: DBLPUYE
18: GPCZZGQ
19: XYKZNJZ
20: MGDKHMK
Case #7:
1: FNKXCY
2: WXAGMB
3: IZFHHY
4: UXXKLG
5: NOTSXB
6: DAFSSO
7: LAMJQY
8: WHOPHK
9: FBLRMD
10: YRRHES
11: CHQOHY
12: RHMMXT
13: NFYPMK
14: HGFUKR
15: RVSYPF
16: ARRPLE
17: VJVNHK
18: PAKAIY
19: XCXXOK
20: SYIMZE
21: PWSBVW
22: ZZWGTQ
Case #8:
1: OBXFR
2: IVMCF
3: WNUQE
4: VASAU
5: MBTQP
6: DVDHE
7: KVFHC
8: IDUUV
9: JABJF
10: YBSGL
11: UFFTS
12: RBLBB
13: VKBWH
14: LDIEL
15: RYULV
16: NOURV
17: NMQDO
18: NQKAZ
19: INOCE
20: ZSXLW
21: BXEMX
22: UPNKB
23: CJLYC
Case #9:
1: BBKDSFO
2: LLABGDW
3: KNVKPIH
4: MZCOHJR
5: WVKQYMV
6: BSPPIBA
7: MPKJSYY
8: RBCFCET
9: JHESJJT
10: HZMFAZO
11: XBLXCST
12: VSHXYVM
13: SOCDURI
14: JAZSHFM
15: LFPDIZH
16: WBNHPPK
17: CRTLEWX
18: JCDBPSO
19: JNAMFPB
Case #10:
1: QKJTTQ
2: BKUDIK
3: CBBVON
4: SBOMQL
5: VIAWQJ
6: OBYFZS
7: CSRPXJ
8: BIUOZG
9: GWGAQE
10: SFBJEN
11: KHISHA
12: OHMQDC
13: QPZGGB
14: YAAYZU
15: GHEQOL
16: QQQRCT
17: MLAWTS
18: YZNFPB
19: PRMQZM
20: NYKBKC
21: CTNOJM
22: YNAMDJ
23: ATTKMA
24: XPLQID
