Case #1:
1: BYCSY
2: FBJHV
3: LJTPW
4: ILVSJ
5: SHOLY
6: YMQMA
7: LKDLY
8: QAHAA
9: JOIZR
10: UKRYC
11: FFKVD
12: MFKAJ
13: SQWUA
14: FNQDH
15: QEOWK
16: SMLDS
17: RSWGQ
18: HYQYH
19: ZFFFP
Case #2:
1: LJTPW
2: UXQZNGSKYZ
3: KMJMUKVZWE
4: MTTZHGCTFR
5: ILVSJ
6: FZIRAWFTFO
7: FNSZUMYAID
8: OXGDRPLSHX
9: HVJNGLXEJX
10: OQOXLMSRMI
11: FTTSPWRSWI
12: YFKBHCCKXK
13: SHOLY
14: LAWLUQLNGI
15: RUKOJTVTIA
16: YMQMA
17: WNKRRAXGJJ
18: YJFFSIYDZW
19: WGASYEQSBB
20: LWBYZIAEUZ
21: MERVHDNTNL
22: LRFHDAAQNG
23: LKDLY
24: HYWQBKBBNQ
25: MLYAOUMZMR
26: SXGLKTLSGE
27: OSLYLUIWRI
28: YWDSLMYGLT
29: QAHAA
30: JOIZR
31: PDTXKBYOZK
32: WYDKFDVEVN
33: RRBMPKCNVD
34: VMGBMQMKYB
35: VNHFPHNWGI
36: UKRYC
37: FKDLNXUTWT
38: GKNPWKBRLY
39: SCDAWFYDYF
40: UMGFUBDJGB
41: FFKVD
42: MIHGJBVHED
43: MFKAJ
44: SNDNFTJWNG
45: SQWUA
46: FNQDH
47: HCKJWKOMDR
48: ONCKEDUHFI
49: QEOWK
50: ISCDTTYKXE
51: ROWIOHWGZI
52: JLDVAMIYST
53: QSCSEREJEB
54: OVCRFHWALR
55: QYHTVVGXOM
56: OPJBIZDIKQ
57: MWERYCYWFX
58: OUJTZDBZGC
59: QIBWSEWSVL
60: OIGLOKDJZM
61: SAHZHWIUTP
62: HUJLYCFYME
63: PVPYIBTVUB
64: XZXECQVPJD
65: PISSGSCJYW
66: FXALUAZDAR
67: IMTRFSXGUD
68: MOSFLCKYVY
69: NAAPUHGZQK
70: JOAHGSZGYE
71: NQCZEYDSQP
72: VIXQHJRGXS
73: MWRVXAUBIH
74: NETHTJKJWY
75: SMLDS
76: OEFJYODAXB
77: GBMNBWKJQF
78: RSWGQ
79: VVVKMRWOKH
80: HLOLLSJQMC
81: THECQOELXK
82: VNNBZAYVVW
83: HYQYH
84: WYZVOHFIPE
85: SNTSEQGOHM
86: JRTYSSASPV
87: KMTNWXQSGX
88: JSVGFIZDYJ
89: UWOHAOKABN
90: VYDKYMNTHH
91: UJAJTVTGYP
92: TDUVNBNMHN
93: XFTVVHQWKZ
94: SSZMHXLXSS
95: ZFFFP
96: ZSSPHFTYTW
97: ZQNIVJLBUR
98: ZVCKTNFBLW
99: DCTBPUODEC
100: DMOMLERNBS
101: BPLRQAAJNY
102: BNDUOLASEI
103: CGJHIBAJGX
104: DCWQPQAGEC
105: CCKMVEOSKA
106: BYCSY
107: FBJHV
108: FEAPVLIQES
109: CYNAGBHCKI
110: DNCGAKZKGN
111: EYNEYBYKCM
112: CCZGWEPSGC
113: DESMNCQNOY
114: EEWQNUBDJG
115: CFFKAAFHXV
116: CFTEQOTVSE
117: CGCIISYMFW
118: AEJGYHIWGN
119: ATSFASRBCX
Case #3:
1: ZVAQWG
2: ZWOYEJ
3: ZVCKTNFBLW
4: ZFFFP
5: ZSSPHFTYTW
6: ZQNIVJLBUR
7: LJTPW
8: QODQTN
9: UXQZNGSKYZ
10: KMJMUKVZWE
11: MTTZHGCTFR
12: ILVSJ
13: FZIRAWFTFO
14: CEXZOL
15: DPAEKH
16: FNSZUMYAID
17: DCTBPUODEC
18: OXGDRPLSHX
19: HVJNGLXEJX
20: OQOXLMSRMI
21: FTTSPWRSWI
22: YFKBHCCKXK
23: SHOLY
24: LAWLUQLNGI
25: RUKOJTVTIA
26: WNKRRAXGJJ
27: YMQMA
28: WGASYEQSBB
29: YJFFSIYDZW
30: LWBYZIAEUZ
31: MERVHDNTNL
32: LRFHDAAQNG
33: LKDLY
34: HYWQBKBBNQ
35: MLYAOUMZMR
36: SXGLKTLSGE
37: OSLYLUIWRI
38: YWDSLMYGLT
39: QAHAA
40: JOIZR
41: VMGBMQMKYB
42: WYDKFDVEVN
43: PDTXKBYOZK
44: RRBMPKCNVD
45: IYHDJV
46: DMOMLERNBS
47: DHURIA
48: VNHFPHNWGI
49: FKDLNXUTWT
50: UKRYC
51: CGJHIBAJGX
52: GKNPWKBRLY
53: SCDAWFYDYF
54: FFKVD
55: UMGFUBDJGB
56: MIHGJBVHED
57: DCWQPQAGEC
58: UUEBWI
59: MFKAJ
60: SNDNFTJWNG
61: SQWUA
62: WXXIOP
63: CRLYYV
64: FNQDH
65: RNMRQN
66: HCKJWKOMDR
67: VIXQHJRGXS
68: VVVKMRWOKH
69: QUOVQW
70: ONCKEDUHFI
71: VNNBZAYVVW
72: UWOHAOKABN
73: VYDKYMNTHH
74: HLOUJO
75: XZXECQVPJD
76: EYNEYBYKCM
77: FBJHV
78: WZBCJG
79: QEOWK
80: QSCSEREJEB
81: CNQYEY
82: CYNAGBHCKI
83: EEWQNUBDJG
84: DNCGAKZKGN
85: ISCDTTYKXE
86: ROWIOHWGZI
87: QYHTVVGXOM
88: DESMNCQNOY
89: DGTHIF
90: XEXIVV
91: OVCRFHWALR
92: YGEVIT
93: OPJBIZDIKQ
94: JLDVAMIYST
95: MWERYCYWFX
96: CFFKAAFHXV
97: OUJTZDBZGC
98: WYZVOHFIPE
99: CFTEQOTVSE
100: CGCIISYMFW
101: QIBWSEWSVL
102: OIGLOKDJZM
103: FEAPVLIQES
104: QMUILE
105: FXALUAZDAR
106: XFTVVHQWKZ
107: IMTRFSXGUD
108: MOSFLCKYVY
109: NAAPUHGZQK
110: NQCZEYDSQP
111: YHSZIU
112: MWRVXAUBIH
113: PDZVGY
114: NETHTJKJWY
115: SMLDS
116: OEFJYODAXB
117: GBMNBWKJQF
118: TBZYCE
119: HLOLLSJQMC
120: JOAHGSZGYE
121: HUJLYCFYME
122: SAHZHWIUTP
123: HYQYH
124: SNTSEQGOHM
125: THECQOELXK
126: JRTYSSASPV
127: KMTNWXQSGX
128: JSVGFIZDYJ
129: PVPYIBTVUB
130: PISSGSCJYW
131: RSWGQ
132: SSZMHXLXSS
133: UJAJTVTGYP
134: TDUVNBNMHN
135: CCKMVEOSKA
136: BYCSY
137: CCZGWEPSGC
138: BPLRQAAJNY
139: BNDUOLASEI
140: AEJGYHIWGN
141: ATSFASRBCX
Case #4:
1: ZVAQWG
2: QODQTN
3: UXQZNGSKYZ
4: ZWOYEJ
5: OXGDRPLSHX
6: OQOXLMSRMI
7: ZVCKTNFBLW
8: YFKBHCCKXK
9: SOTRWHG
10: ZPAKZPA
11: SHOLY
12: RUKOJTVTIA
13: YMQMA
14: WNKRRAXGJJ
15: YJFFSIYDZW
16: WGASYEQSBB
17: YCRMUNY
18: SXGLKTLSGE
19: ZFFFP
20: SQWUA
21: OSLYLUIWRI
22: YWDSLMYGLT
23: VMGBMQMKYB
24: QAHAA
25: WYDKFDVEVN
26: PDTXKBYOZK
27: RRBMPKCNVD
28: VNHFPHNWGI
29: UKRYC
30: UMGFUBDJGB
31: SRPTJPE
32: XIOPHET
33: PALOECC
34: UUEBWI
35: SCDAWFYDYF
36: WXXIOP
37: SRALCYO
38: WICPVHR
39: VIXQHJRGXS
40: VNNBZAYVVW
41: XZXECQVPJD
42: SNDNFTJWNG
43: WZBCJG
44: UWOHAOKABN
45: ZMAFACC
46: SSZMHXLXSS
47: XEXIVV
48: YXBFPAS
49: TBZYCE
50: WYZVOHFIPE
51: VVVKMRWOKH
52: YGEVIT
53: VUYPNAA
54: XFTVVHQWKZ
55: THECQOELXK
56: RNMRQN
57: VYDKYMNTHH
58: ONCKEDUHFI
59: YHSZIU
60: UJAJTVTGYP
61: TDUVNBNMHN
62: QUOVQW
63: ZSSPHFTYTW
64: ORPILEE
65: PZQEGVP
66: NFFLQHC
67: ZQNIVJLBUR
68: OPJBIZDIKQ
69: QEOWK
70: OVCRFHWALR
71: QSCSEREJEB
72: ROWIOHWGZI
73: OIGLOKDJZM
74: QYHTVVGXOM
75: OUJTZDBZGC
76: NQCZEYDSQP
77: OEFJYODAXB
78: QIBWSEWSVL
79: QMUILE
80: PDZVGY
81: SMLDS
82: SAHZHWIUTP
83: PVPYIBTVUB
84: PISSGSCJYW
85: SNTSEQGOHM
86: RSWGQ
87: LJTPW
88: KMJMUKVZWE
89: MTTZHGCTFR
90: ILVSJ
91: FZIRAWFTFO
92: CEXZOL
93: DPAEKH
94: FNSZUMYAID
95: DCTBPUODEC
96: HVJNGLXEJX
97: FTTSPWRSWI
98: GRZIHHF
99: AOHXKHM
100: EVJIVOI
101: LAWLUQLNGI
102: JIPNFAX
103: LKDLY
104: MLYAOUMZMR
105: HYWQBKBBNQ
106: EYDYAFQ
107: JOIZR
108: IYHDJV
109: DMOMLERNBS
110: DHURIA
111: BPLRQAAJNY
112: BNDUOLASEI
113: FKDLNXUTWT
114: CGJHIBAJGX
115: GKNPWKBRLY
116: CCKMVEOSKA
117: MIHGJBVHED
118: FFKVD
119: BYCSY
120: MFKAJ
121: DCWQPQAGEC
122: ATSFASRBCX
123: LWBYZIAEUZ
124: CCZGWEPSGC
125: LQTMNVR
126: CRLYYV
127: FMCVONL
128: FNQDH
129: MERVHDNTNL
130: LRFHDAAQNG
131: HCKJWKOMDR
132: JLDVAMIYST
133: HLOUJO
134: MWERYCYWFX
135: KGGRXFB
136: CNQYEY
137: CYNAGBHCKI
138: EEWQNUBDJG
139: DNCGAKZKGN
140: ISCDTTYKXE
141: DESMNCQNOY
142: DGTHIF
143: MOSFLCKYVY
144: NAAPUHGZQK
145: FBJHV
146: MWRVXAUBIH
147: NETHTJKJWY
148: JOAHGSZGYE
149: CFFKAAFHXV
150: CFTEQOTVSE
151: CGCIISYMFW
152: KMTNWXQSGX
153: FXALUAZDAR
154: IMTRFSXGUD
155: JRTYSSASPV
156: JSVGFIZDYJ
157: FEAPVLIQES
158: GBMNBWKJQF
159: EYNEYBYKCM
160: HUJLYCFYME
161: GMJABCS
162: HYQYH
163: HLOLLSJQMC
164: AEJGYHIWGN
Case #5:
1: AJTFD
2: AEJGYHIWGN
3: ZVAQWG
4: QODQTN
5: UXQZNGSKYZ
6: ZWOYEJ
7: OXGDRPLSHX
8: OQOXLMSRMI
9: ZVCKTNFBLW
10: YFKBHCCKXK
11: SOTRWHG
12: ZPAKZPA
13: SHOLY
14: RUKOJTVTIA
15: YMQMA
16: WNKRRAXGJJ
17: YJFFSIYDZW
18: WGASYEQSBB
19: YCRMUNY
20: SXGLKTLSGE
21: ZFFFP
22: SQWUA
23: OSLYLUIWRI
24: YODBA
25: VMGBMQMKYB
26: WYDKFDVEVN
27: QAHAA
28: UADBU
29: PDTXKBYOZK
30: UTMTQ
31: RINPK
32: TGCOS
33: RRBMPKCNVD
34: VNHFPHNWGI
35: UKRYC
36: YPJUV
37: OTMNS
38: UMGFUBDJGB
39: SRPTJPE
40: SCDAWFYDYF
41: ZDFTY
42: XIOPHET
43: UUEBWI
44: PALOECC
45: RXVWC
46: YWDSLMYGLT
47: PRNTU
48: WXXIOP
49: SRALCYO
50: WICPVHR
51: VIXQHJRGXS
52: RYIUA
53: VNNBZAYVVW
54: XZXECQVPJD
55: WZBCJG
56: UWOHAOKABN
57: SNDNFTJWNG
58: ZMAFACC
59: SSZMHXLXSS
60: XEXIVV
61: YXBFPAS
62: TBZYCE
63: RLOIC
64: WYZVOHFIPE
65: VVVKMRWOKH
66: YGEVIT
67: VUYPNAA
68: XFTVVHQWKZ
69: THECQOELXK
70: VYDKYMNTHH
71: RNMRQN
72: YHSZIU
73: PVPYIBTVUB
74: UJAJTVTGYP
75: TDUVNBNMHN
76: ONCKEDUHFI
77: SAHZHWIUTP
78: ZSSPHFTYTW
79: QUOVQW
80: ORPILEE
81: PZQEGVP
82: NFFLQHC
83: ZQNIVJLBUR
84: OPJBIZDIKQ
85: QEOWK
86: OVCRFHWALR
87: QSCSEREJEB
88: ROWIOHWGZI
89: OIGLOKDJZM
90: QYHTVVGXOM
91: OUJTZDBZGC
92: NQCZEYDSQP
93: OEFJYODAXB
94: QIBWSEWSVL
95: QMUILE
96: PDZVGY
97: SMLDS
98: PISSGSCJYW
99: SNTSEQGOHM
100: RSWGQ
101: LJTPW
102: KMJMUKVZWE
103: MTTZHGCTFR
104: ILVSJ
105: FZIRAWFTFO
106: CEXZOL
107: DPAEKH
108: FNSZUMYAID
109: DCTBPUODEC
110: HVJNGLXEJX
111: LAWLUQLNGI
112: FTTSPWRSWI
113: GRZIHHF
114: AOHXKHM
115: EVJIVOI
116: JIPNFAX
117: KZVQD
118: LKDLY
119: HDSSX
120: MLYAOUMZMR
121: HYWQBKBBNQ
122: LRWIN
123: EYDYAFQ
124: JOIZR
125: IYHDJV
126: DMOMLERNBS
127: HHVMI
128: HMXLB
129: DHURIA
130: ASXXS
131: EJPRE
132: BPLRQAAJNY
133: BNDUOLASEI
134: FKDLNXUTWT
135: NFBAX
136: CGJHIBAJGX
137: GKNPWKBRLY
138: MIHGJBVHED
139: FFKVD
140: CCKMVEOSKA
141: MFKAJ
142: DCWQPQAGEC
143: LWBYZIAEUZ
144: BYCSY
145: ATSFASRBCX
146: BCDZH
147: LQTMNVR
148: CCZGWEPSGC
149: CRLYYV
150: FMCVONL
151: FNQDH
152: HLOLLSJQMC
153: MERVHDNTNL
154: LRFHDAAQNG
155: JHZXV
156: HCKJWKOMDR
157: JLDVAMIYST
158: HLOUJO
159: MWERYCYWFX
160: KGGRXFB
161: CNQYEY
162: CYNAGBHCKI
163: EEWQNUBDJG
164: DNCGAKZKGN
165: ISCDTTYKXE
166: DESMNCQNOY
167: DGTHIF
168: MOSFLCKYVY
169: NAAPUHGZQK
170: FBJHV
171: HUJLYCFYME
172: MWRVXAUBIH
173: NETHTJKJWY
174: JOAHGSZGYE
175: CFFKAAFHXV
176: CFTEQOTVSE
177: CGCIISYMFW
178: KMTNWXQSGX
179: FXALUAZDAR
180: IMTRFSXGUD
181: JRTYSSASPV
182: JSVGFIZDYJ
183: FEAPVLIQES
184: GBMNBWKJQF
185: EYNEYBYKCM
186: GMJABCS
187: HYQYH
Case #6:
1: NMHNO
2: VSKAD
3: VSWMW
4: OQOXLMSRMI
5: ZVAQWG
6: QODQTN
7: WGASYEQSBB
8: ONCKEDUHFI
9: OPJBIZDIKQ
10: OIGLOKDJZM
11: NQCZEYDSQP
12: OEFJYODAXB
13: UXQZNGSKYZ
14: QWXZB
15: ZWOYEJ
16: VVVKMRWOKH
17: VUYPNAA
18: VYDKYMNTHH
19: SLONE
20: OXGDRPLSHX
21: YFKBHCCKXK
22: ZVCKTNFBLW
23: SOTRWHG
24: SHOLY
25: ZPAKZPA
26: YMQMA
27: WNKRRAXGJJ
28: YJFFSIYDZW
29: RUKOJTVTIA
30: QYHTVVGXOM
31: YCRMUNY
32: SXGLKTLSGE
33: ZFFFP
34: YODBA
35: WYDKFDVEVN
36: SQWUA
37: OSLYLUIWRI
38: QAHAA
39: PDTXKBYOZK
40: VMGBMQMKYB
41: RINPK
42: UADBU
43: UTMTQ
44: YPJUV
45: TGCOS
46: RRBMPKCNVD
47: XIOPHET
48: YWDSLMYGLT
49: WXXIOP
50: VNHFPHNWGI
51: WICPVHR
52: WZREZ
53: XZXECQVPJD
54: WZBCJG
55: XEXIVV
56: WYZVOHFIPE
57: YGEVIT
58: XFTVVHQWKZ
59: UKRYC
60: YHSZIU
61: OTMNS
62: SCDAWFYDYF
63: UMGFUBDJGB
64: SRPTJPE
65: PALOECC
66: RXVWC
67: ZDFTY
68: PRNTU
69: UUEBWI
70: RYIUA
71: SNDNFTJWNG
72: RLOIC
73: SRALCYO
74: VIXQHJRGXS
75: RNMRQN
76: VNNBZAYVVW
77: PVPYIBTVUB
78: UWOHAOKABN
79: SAHZHWIUTP
80: ZMAFACC
81: SSZMHXLXSS
82: QUOVQW
83: YXBFPAS
84: ORPILEE
85: PZQEGVP
86: TBZYCE
87: THECQOELXK
88: QEOWK
89: OVCRFHWALR
90: QSCSEREJEB
91: ROWIOHWGZI
92: OUJTZDBZGC
93: UJAJTVTGYP
94: TDUVNBNMHN
95: QIBWSEWSVL
96: QMUILE
97: ZSSPHFTYTW
98: PDZVGY
99: SMLDS
100: NFFLQHC
101: ZQNIVJLBUR
102: PISSGSCJYW
103: SNTSEQGOHM
104: RSWGQ
105: CRIAG
106: LJTPW
107: JUXUJ
108: KMJMUKVZWE
109: JCUDH
110: MTTZHGCTFR
111: ILVSJ
112: LAWLUQLNGI
113: FZIRAWFTFO
114: EXSCK
115: LGMWM
116: CEXZOL
117: HBYWQ
118: EWXJP
119: HHJFN
120: DPAEKH
121: FJJES
122: FNSZUMYAID
123: DCTBPUODEC
124: HVJNGLXEJX
125: FTTSPWRSWI
126: KZVQD
127: LKDLY
128: GRZIHHF
129: JHZXV
130: EVJIVOI
131: AOHXKHM
132: HHVMI
133: LIPKV
134: HLOLLSJQMC
135: JIPNFAX
136: HCKJWKOMDR
137: EOKPQ
138: HDSSX
139: KGGRXFB
140: KMTNWXQSGX
141: MLYAOUMZMR
142: HYWQBKBBNQ
143: LRWIN
144: CVQQH
145: EYDYAFQ
146: EBWEW
147: JOIZR
148: IYHDJV
149: DMOMLERNBS
150: BGYNQ
151: HMXLB
152: DHURIA
153: EJPRE
154: FKDLNXUTWT
155: ASXXS
156: NFBAX
157: FFKVD
158: CGJHIBAJGX
159: GKNPWKBRLY
160: BPLRQAAJNY
161: BNDUOLASEI
162: MIHGJBVHED
163: MFKAJ
164: DCWQPQAGEC
165: LWBYZIAEUZ
166: LQTMNVR
167: FMCVONL
168: CRLYYV
169: FNQDH
170: CCKMVEOSKA
171: MERVHDNTNL
172: FBJHV
173: LRFHDAAQNG
174: JLDVAMIYST
175: HLOUJO
176: MWERYCYWFX
177: CNQYEY
178: CYNAGBHCKI
179: EEWQNUBDJG
180: DNCGAKZKGN
181: ISCDTTYKXE
182: DESMNCQNOY
183: DGTHIF
184: MOSFLCKYVY
185: FEAPVLIQES
186: NAAPUHGZQK
187: HUJLYCFYME
188: EYNEYBYKCM
189: MWRVXAUBIH
190: NETHTJKJWY
191: BYCSY
192: ATSFASRBCX
193: JOAHGSZGYE
194: CFFKAAFHXV
195: CFTEQOTVSE
196: CGCIISYMFW
197: BCDZH
198: FXALUAZDAR
199: IMTRFSXGUD
200: JRTYSSASPV
201: JSVGFIZDYJ
202: GBMNBWKJQF
203: GMJABCS
204: HYQYH
205: CCZGWEPSGC
206: AEKKF
207: AJTFD
208: AEJGYHIWGN
Case #7:
1: ZVAQWG
2: LJTPW
3: CRIAG
4: NMHNO
5: QODQTN
6: VSKAD
7: OQOXLMSRMI
8: UXQZNGSKYZ
9: VSWMW
10: JUXUJ
11: KMJMUKVZWE
12: MTTZHGCTFR
13: ILVSJ
14: FZIRAWFTFO
15: CEXZOL
16: EXSCK
17: HBYWQ
18: QWXZB
19: EWXJP
20: HHJFN
21: JCUDH
22: DPAEKH
23: ZWOYEJ
24: FJJES
25: FNSZUMYAID
26: SLONE
27: DCTBPUODEC
28: HVJNGLXEJX
29: OXGDRPLSHX
30: FTTSPWRSWI
31: LGMWM
32: GRZIHHF
33: ZVCKTNFBLW
34: EVJIVOI
35: YFKBHCCKXK
36: AEKKF
37: AOHXKHM
38: SHOLY
39: ZPAKZPA
40: LAWLUQLNGI
41: SOTRWHG
42: RUKOJTVTIA
43: HHVMI
44: ONCKEDUHFI
45: OPJBIZDIKQ
46: OIGLOKDJZM
47: NQCZEYDSQP
48: OEFJYODAXB
49: YMQMA
50: QYHTVVGXOM
51: WNKRRAXGJJ
52: YJFFSIYDZW
53: JHZXV
54: WGASYEQSBB
55: HLOLLSJQMC
56: YCRMUNY
57: JIPNFAX
58: EOKPQ
59: KZVQD
60: HDSSX
61: LKDLY
62: HCKJWKOMDR
63: HYWQBKBBNQ
64: MLYAOUMZMR
65: SXGLKTLSGE
66: LRWIN
67: ZFFFP
68: CVQQH
69: AJTFD
70: OSLYLUIWRI
71: EYDYAFQ
72: YODBA
73: SQWUA
74: QAHAA
75: PDTXKBYOZK
76: EBWEW
77: JOIZR
78: VMGBMQMKYB
79: WYDKFDVEVN
80: RRBMPKCNVD
81: UADBU
82: UTMTQ
83: IYHDJV
84: RINPK
85: TGCOS
86: BGYNQ
87: HMXLB
88: DMOMLERNBS
89: EJPRE
90: DHURIA
91: VNHFPHNWGI
92: LIPKV
93: UKRYC
94: ASXXS
95: FKDLNXUTWT
96: OTMNS
97: SCDAWFYDYF
98: NFBAX
99: RXVWC
100: PALOECC
101: YPJUV
102: BNDUOLASEI
103: BPLRQAAJNY
104: GKNPWKBRLY
105: CGJHIBAJGX
106: ZDFTY
107: FFKVD
108: UMGFUBDJGB
109: PRNTU
110: MIHGJBVHED
111: DCWQPQAGEC
112: SRPTJPE
113: XIOPHET
114: RYIUA
115: MFKAJ
116: UUEBWI
117: LWBYZIAEUZ
118: SNDNFTJWNG
119: YWDSLMYGLT
120: LQTMNVR
121: CRLYYV
122: RNMRQN
123: WXXIOP
124: RLOIC
125: FNQDH
126: PVPYIBTVUB
127: FMCVONL
128: SAHZHWIUTP
129: CCKMVEOSKA
130: QUOVQW
131: VIXQHJRGXS
132: HLOUJO
133: PZQEGVP
134: XZXECQVPJD
135: WICPVHR
136: ORPILEE
137: VNNBZAYVVW
138: WZREZ
139: HUJLYCFYME
140: MERVHDNTNL
141: ROWIOHWGZI
142: ISCDTTYKXE
143: LRFHDAAQNG
144: YXBFPAS
145: WZBCJG
146: CYNAGBHCKI
147: UWOHAOKABN
148: NFFLQHC
149: OVCRFHWALR
150: SRALCYO
151: BYCSY
152: FBJHV
153: JLDVAMIYST
154: DESMNCQNOY
155: DGTHIF
156: ATSFASRBCX
157: QSCSEREJEB
158: EEWQNUBDJG
159: QEOWK
160: KGGRXFB
161: XEXIVV
162: ZMAFACC
163: MWERYCYWFX
164: OUJTZDBZGC
165: CNQYEY
166: ZSSPHFTYTW
167: BOLT
168: BCDZH
169: YGEVIT
170: GAY
171: DNCGAKZKGN
172: IMTRFSXGUD
173: MOSFLCKYVY
174: NAAPUHGZQK
175: VVVKMRWOKH
176: WYZVOHFIPE
177: ZQNIVJLBUR
178: FXALUAZDAR
179: MWRVXAUBIH
180: PDZVGY
181: VUYPNAA
182: SMLDS
183: NETHTJKJWY
184: XFTVVHQWKZ
185: TBZYCE
186: JOAHGSZGYE
187: FEAPVLIQES
188: QIBWSEWSVL
189: YHSZIU
190: QMUILE
191: CFFKAAFHXV
192: GMJABCS
193: SSZMHXLXSS
194: GBMNBWKJQF
195: KMTNWXQSGX
196: EYNEYBYKCM
197: CFTEQOTVSE
198: CGCIISYMFW
199: CCZGWEPSGC
200: VYDKYMNTHH
201: HYQYH
202: SNTSEQGOHM
203: THECQOELXK
204: PISSGSCJYW
205: JRTYSSASPV
206: JSVGFIZDYJ
207: RSWGQ
208: PEIMENG
209: TIANBING
210: AEJGYHIWGN
211: UJAJTVTGYP
212: LARRY
213: TDUVNBNMHN
Case #8:
1: ACLIQTG
2: AEJGYHIWGN
3: NMHNO
4: VSKAD
5: VSWMW
6: ZVAQWG
7: OQOXLMSRMI
8: QODQTN
9: WGASYEQSBB
10: UXQZNGSKYZ
11: QWXZB
12: NOUUFBQ
13: ZWOYEJ
14: VZZQPRK
15: VVVKMRWOKH
16: VUYPNAA
17: VYDKYMNTHH
18: SLONE
19: ONCKEDUHFI
20: OXGDRPLSHX
21: OPJBIZDIKQ
22: OIGLOKDJZM
23: NQCZEYDSQP
24: OEFJYODAXB
25: YFKBHCCKXK
26: ZVCKTNFBLW
27: SOTRWHG
28: SHOLY
29: ZPAKZPA
30: YMQMA
31: WNKRRAXGJJ
32: YJFFSIYDZW
33: RUKOJTVTIA
34: QYHTVVGXOM
35: YCRMUNY
36: SNPFOPA
37: SXGLKTLSGE
38: ZFFFP
39: YODBA
40: WYDKFDVEVN
41: SQWUA
42: OSLYLUIWRI
43: NJTAOZY
44: VQDGQIM
45: QAHAA
46: PDTXKBYOZK
47: VMGBMQMKYB
48: RINPK
49: UADBU
50: UTMTQ
51: YPJUV
52: TGCOS
53: RRBMPKCNVD
54: XIOPHET
55: YWDSLMYGLT
56: WXXIOP
57: VNHFPHNWGI
58: WICPVHR
59: WZREZ
60: XZXECQVPJD
61: WZBCJG
62: XEXIVV
63: UKRYC
64: WYZVOHFIPE
65: YGEVIT
66: XFTVVHQWKZ
67: YHSZIU
68: OTMNS
69: SCDAWFYDYF
70: UMGFUBDJGB
71: SNTSEQGOHM
72: SRPTJPE
73: PALOECC
74: RXVWC
75: ZDFTY
76: PRNTU
77: UUEBWI
78: RYIUA
79: SNDNFTJWNG
80: RLOIC
81: SRALCYO
82: VIXQHJRGXS
83: UBRYIJJ
84: RNMRQN
85: VNNBZAYVVW
86: PVPYIBTVUB
87: UWOHAOKABN
88: SAHZHWIUTP
89: ZMAFACC
90: SSZMHXLXSS
91: QUOVQW
92: YXBFPAS
93: UJAJTVTGYP
94: ORPILEE
95: PZQEGVP
96: TBZYCE
97: THECQOELXK
98: QEOWK
99: OVCRFHWALR
100: QSCSEREJEB
101: ROWIOHWGZI
102: TIANBING
103: OUJTZDBZGC
104: TDUVNBNMHN
105: QIBWSEWSVL
106: QMUILE
107: ZSSPHFTYTW
108: PDZVGY
109: SMPOOOE
110: SMLDS
111: NFFLQHC
112: ZQNIVJLBUR
113: PISSGSCJYW
114: PEIMENG
115: RSWGQ
116: CRIAG
117: LJTPW
118: JUXUJ
119: KMJMUKVZWE
120: JCUDH
121: MTTZHGCTFR
122: ILVSJ
123: FZIRAWFTFO
124: EXSCK
125: LGMWM
126: CEXZOL
127: HBYWQ
128: EWXJP
129: HHJFN
130: LAWLUQLNGI
131: DPAEKH
132: FJJES
133: FNSZUMYAID
134: DCTBPUODEC
135: HVJNGLXEJX
136: FTTSPWRSWI
137: KZVQD
138: LKDLY
139: GRZIHHF
140: JHZXV
141: EVJIVOI
142: AOHXKHM
143: LMDRWGZ
144: HHVMI
145: LIPKV
146: EOKPQ
147: HLOLLSJQMC
148: LAATGSI
149: JIPNFAX
150: HCKJWKOMDR
151: HDSSX
152: LCEYSBS
153: KGGRXFB
154: KMTNWXQSGX
155: LARRY
156: MLYAOUMZMR
157: HYWQBKBBNQ
158: LRWIN
159: CSYUGNK
160: CVQQH
161: CFQRRJR
162: EYDYAFQ
163: EBWEW
164: JOIZR
165: EJPRE
166: ECSEABZ
167: IYHDJV
168: DMOMLERNBS
169: BGYNQ
170: HMXLB
171: DHURIA
172: CGJHIBAJGX
173: FKDLNXUTWT
174: ASXXS
175: IFQNQHA
176: NFBAX
177: FFKVD
178: BNDUOLASEI
179: BPLRQAAJNY
180: GKNPWKBRLY
181: IATIFER
182: EEWQNUBDJG
183: MIHGJBVHED
184: MFKAJ
185: DCWQPQAGEC
186: CNQYEY
187: GHDIPUZ
188: LWBYZIAEUZ
189: CFTEQOTVSE
190: CGCIISYMFW
191: LQTMNVR
192: FMCVONL
193: CRLYYV
194: FNQDH
195: CCKMVEOSKA
196: MERVHDNTNL
197: FBJHV
198: LRFHDAAQNG
199: IKEWWHN
200: JLDVAMIYST
201: HLOUJO
202: MWERYCYWFX
203: CYNAGBHCKI
204: DNCGAKZKGN
205: ISCDTTYKXE
206: DESMNCQNOY
207: DGTHIF
208: MOSFLCKYVY
209: FEAPVLIQES
210: NAAPUHGZQK
211: HUJLYCFYME
212: EYNEYBYKCM
213: MWRVXAUBIH
214: NETHTJKJWY
215: AYLDNEV
216: BYCSY
217: ATSFASRBCX
218: JOAHGSZGYE
219: CFFKAAFHXV
220: DFQJBBS
221: BOLT
222: BCDZH
223: GAY
224: FXALUAZDAR
225: IMTRFSXGUD
226: JRTYSSASPV
227: JSVGFIZDYJ
228: FUKJDGJ
229: GBMNBWKJQF
230: GMJABCS
231: HYQYH
232: CCZGWEPSGC
233: AEKKF
234: AJTFD
Case #9:
1: ACLIQTG
2: AEJGYHIWGN
3: AEKKF
4: AJTFD
5: NMHNO
6: VSKAD
7: VSWMW
8: ZVAQWG
9: OQOXLMSRMI
10: VVODXY
11: WGASYEQSBB
12: QODQTN
13: UXQZNGSKYZ
14: QWXZB
15: VZZQPRK
16: VVVKMRWOKH
17: VYDKYMNTHH
18: NOUUFBQ
19: ZWOYEJ
20: VUYPNAA
21: SLONE
22: ONCKEDUHFI
23: OXGDRPLSHX
24: NZFRRK
25: OPJBIZDIKQ
26: NSMHFA
27: OIGLOKDJZM
28: NQCZEYDSQP
29: OEFJYODAXB
30: YFKBHCCKXK
31: ZVCKTNFBLW
32: SHOLY
33: SOTRWHG
34: ZPAKZPA
35: ZNGKOL
36: YMQMA
37: WNKRRAXGJJ
38: YJFFSIYDZW
39: RZIZFG
40: RUKOJTVTIA
41: QYHTVVGXOM
42: YCRMUNY
43: TRAVZH
44: ZRZYKB
45: SNPFOPA
46: SXGLKTLSGE
47: ZFFFP
48: YODBA
49: WYDKFDVEVN
50: XYSSDA
51: SQWUA
52: OSLYLUIWRI
53: SCDAWFYDYF
54: NJTAOZY
55: VQDGQIM
56: QAHAA
57: UADBU
58: PDTXKBYOZK
59: VMGBMQMKYB
60: XNZRBS
61: RINPK
62: UTMTQ
63: YPJUV
64: TGCOS
65: RRBMPKCNVD
66: SAHZHWIUTP
67: QHMKBQ
68: XIOPHET
69: YWDSLMYGLT
70: SFIUDU
71: WXXIOP
72: VNHFPHNWGI
73: WICPVHR
74: WZREZ
75: XZXECQVPJD
76: WZBCJG
77: XEXIVV
78: UKRYC
79: WYZVOHFIPE
80: YGEVIT
81: XFTVVHQWKZ
82: YHSZIU
83: OTMNS
84: SNTSEQGOHM
85: UMGFUBDJGB
86: SRPTJPE
87: PALOECC
88: RXVWC
89: ZDFTY
90: PRNTU
91: UUEBWI
92: RYIUA
93: SNDNFTJWNG
94: VPYUWD
95: RLOIC
96: TXVFGC
97: SRALCYO
98: VIXQHJRGXS
99: UBRYIJJ
100: RNMRQN
101: VNNBZAYVVW
102: PVPYIBTVUB
103: UILPMN
104: UWOHAOKABN
105: ZMAFACC
106: SSZMHXLXSS
107: QUOVQW
108: YXBFPAS
109: ORPILEE
110: PZQEGVP
111: TBZYCE
112: UJAJTVTGYP
113: QJEQEG
114: THECQOELXK
115: QEOWK
116: OVCRFHWALR
117: QSCSEREJEB
118: ROWIOHWGZI
119: ZSSPHFTYTW
120: TIANBING
121: OUJTZDBZGC
122: TDUVNBNMHN
123: QIBWSEWSVL
124: SMPOOOE
125: QMUILE
126: SMLDS
127: PDZVGY
128: NFFLQHC
129: ZQNIVJLBUR
130: PISSGSCJYW
131: PEIMENG
132: RSWGQ
133: CRIAG
134: LJTPW
135: JUXUJ
136: KMJMUKVZWE
137: JCUDH
138: MTTZHGCTFR
139: ILVSJ
140: FZIRAWFTFO
141: EXSCK
142: LGMWM
143: CEXZOL
144: HBYWQ
145: EWXJP
146: HHJFN
147: LAWLUQLNGI
148: DPAEKH
149: FJJES
150: FNSZUMYAID
151: JVIDWE
152: DCTBPUODEC
153: HVJNGLXEJX
154: FTTSPWRSWI
155: KZVQD
156: LKDLY
157: GRZIHHF
158: JHZXV
159: EVJIVOI
160: AOHXKHM
161: LMDRWGZ
162: HHVMI
163: LIPKV
164: EOKPQ
165: HLOLLSJQMC
166: LAATGSI
167: JIPNFAX
168: HCKJWKOMDR
169: HDSSX
170: LCEYSBS
171: KGGRXFB
172: KMTNWXQSGX
173: LARRY
174: MLYAOUMZMR
175: HYWQBKBBNQ
176: LRWIN
177: CSYUGNK
178: LQIVKO
179: CVQQH
180: GJLVOK
181: FLTCCR
182: CFQRRJR
183: EYDYAFQ
184: GKNPWKBRLY
185: EBWEW
186: JOIZR
187: EJPRE
188: ECSEABZ
189: IYHDJV
190: DMOMLERNBS
191: BGYNQ
192: HMXLB
193: DHURIA
194: CGJHIBAJGX
195: FKDLNXUTWT
196: ASXXS
197: IFQNQHA
198: NFBAX
199: EQXPWT
200: FFKVD
201: BNDUOLASEI
202: BPLRQAAJNY
203: BMZGFR
204: IATIFER
205: EEWQNUBDJG
206: MIHGJBVHED
207: MFKAJ
208: DCWQPQAGEC
209: CNQYEY
210: GHDIPUZ
211: LWBYZIAEUZ
212: FMCVONL
213: CFTEQOTVSE
214: CGCIISYMFW
215: LQTMNVR
216: CRLYYV
217: FNQDH
218: CCKMVEOSKA
219: MERVHDNTNL
220: FBJHV
221: LRFHDAAQNG
222: IKEWWHN
223: JLDVAMIYST
224: HLOUJO
225: MWERYCYWFX
226: CYNAGBHCKI
227: DNCGAKZKGN
228: ISCDTTYKXE
229: DESMNCQNOY
230: DGTHIF
231: MOSFLCKYVY
232: FEAPVLIQES
233: NAAPUHGZQK
234: HUJLYCFYME
235: EYNEYBYKCM
236: MWRVXAUBIH
237: NETHTJKJWY
238: AYLDNEV
239: BYCSY
240: ATSFASRBCX
241: JOAHGSZGYE
242: CFFKAAFHXV
243: DFQJBBS
244: JTSMRT
245: BOLT
246: BCDZH
247: GAY
248: FXALUAZDAR
249: IMTRFSXGUD
250: JRTYSSASPV
251: JSVGFIZDYJ
252: FUKJDGJ
253: GBMNBWKJQF
254: GMJABCS
255: HYQYH
256: CCZGWEPSGC
Case #10:
1: NMHNO
2: VSKAD
3: VSWMW
4: ZVAQWG
5: VVODXY
6: WGASYEQSBB
7: QODQTN
8: UXQZNGSKYZ
9: OQOXLMSRMI
10: QWXZB
11: VZZQPRK
12: VVVKMRWOKH
13: VYDKYMNTHH
14: ZWOYEJ
15: VUYPNAA
16: VVASFY
17: SLONE
18: OXGDRPLSHX
19: YFKBHCCKXK
20: ZVCKTNFBLW
21: SHOLY
22: SOTRWHG
23: ZPAKZPA
24: NOUUFBQ
25: ZNGKOL
26: YMQMA
27: WNKRRAXGJJ
28: YJFFSIYDZW
29: RZIZFG
30: RUKOJTVTIA
31: QYHTVVGXOM
32: YCRMUNY
33: RQZOUD
34: OHBOTA
35: NNOFWP
36: TRAVZH
37: PNVBCD
38: ONCKEDUHFI
39: NPMFVB
40: ZRZYKB
41: OPJBIZDIKQ
42: OIGLOKDJZM
43: NZFRRK
44: NSMHFA
45: NQCZEYDSQP
46: RRBMPKCNVD
47: OEFJYODAXB
48: SNPFOPA
49: SXGLKTLSGE
50: ZFFFP
51: YODBA
52: WYDKFDVEVN
53: XYSSDA
54: ZMACBQ
55: SQWUA
56: OSLYLUIWRI
57: SCDAWFYDYF
58: NJTAOZY
59: QAHAA
60: VQDGQIM
61: PDTXKBYOZK
62: RINPK
63: UADBU
64: VMGBMQMKYB
65: XNZRBS
66: UTMTQ
67: YPJUV
68: TGCOS
69: SAHZHWIUTP
70: QHMKBQ
71: XIOPHET
72: SFIUDU
73: YWDSLMYGLT
74: WXXIOP
75: VNHFPHNWGI
76: WICPVHR
77: WZREZ
78: XZXECQVPJD
79: WZBCJG
80: XEXIVV
81: UKRYC
82: WYZVOHFIPE
83: YGEVIT
84: XFTVVHQWKZ
85: OTMNS
86: YHSZIU
87: SNTSEQGOHM
88: PRNTU
89: PALOECC
90: UMGFUBDJGB
91: RXVWC
92: ZDFTY
93: SRPTJPE
94: OSHYCX
95: UUEBWI
96: RYIUA
97: SNDNFTJWNG
98: PVPYIBTVUB
99: RLOIC
100: ZBFBPU
101: VPYUWD
102: RNMRQN
103: OTZLEY
104: TXVFGC
105: PZQEGVP
106: SRALCYO
107: OVCRFHWALR
108: VIXQHJRGXS
109: UBRYIJJ
110: OUJTZDBZGC
111: QUOVQW
112: VNNBZAYVVW
113: ORPILEE
114: UILPMN
115: UWOHAOKABN
116: QVZKYF
117: QJEQEG
118: QEOWK
119: QSCSEREJEB
120: SSZMHXLXSS
121: YXBFPAS
122: ROWIOHWGZI
123: TBZYCE
124: UJAJTVTGYP
125: THECQOELXK
126: QIBWSEWSVL
127: SMPOOOE
128: QMUILE
129: ZSSPHFTYTW
130: SMLDS
131: PDZVGY
132: ZMAFACC
133: TIANBING
134: TDUVNBNMHN
135: NFFLQHC
136: PISSGSCJYW
137: PEIMENG
138: RSWGQ
139: ZQNIVJLBUR
140: CRIAG
141: LJTPW
142: JUXUJ
143: JCUDH
144: MTTZHGCTFR
145: KMJMUKVZWE
146: ILVSJ
147: FZIRAWFTFO
148: EXSCK
149: CEXZOL
150: HBYWQ
151: EWXJP
152: HHJFN
153: DPAEKH
154: FJJES
155: FNSZUMYAID
156: JVIDWE
157: DCTBPUODEC
158: HVJNGLXEJX
159: FTTSPWRSWI
160: LGMWM
161: GRZIHHF
162: JHZXV
163: EVJIVOI
164: AOHXKHM
165: LAWLUQLNGI
166: HHVMI
167: EOKPQ
168: HLOLLSJQMC
169: JIPNFAX
170: HCKJWKOMDR
171: KZVQD
172: LKDLY
173: HDSSX
174: KZBHVO
175: MLYAOUMZMR
176: HYWQBKBBNQ
177: LRWIN
178: LMDRWGZ
179: CSYUGNK
180: CVQQH
181: LQIVKO
182: GJLVOK
183: FLTCCR
184: CFQRRJR
185: EYDYAFQ
186: GKNPWKBRLY
187: EBWEW
188: JOIZR
189: EJPRE
190: ECSEABZ
191: IYHDJV
192: GENMKV
193: DMOMLERNBS
194: BGYNQ
195: HMXLB
196: DHURIA
197: ICVJWC
198: CGJHIBAJGX
199: KFXWKS
200: LIPKV
201: FKDLNXUTWT
202: GHDIPUZ
203: ASXXS
204: IFQNQHA
205: CCVPQH
206: NFBAX
207: IPIKOE
208: EQXPWT
209: CAXKXV
210: FFKVD
211: BNDUOLASEI
212: BPLRQAAJNY
213: BMZGFR
214: IATIFER
215: EEWQNUBDJG
216: MIHGJBVHED
217: MFKAJ
218: DCWQPQAGEC
219: LAOGKY
220: CNQYEY
221: LWBYZIAEUZ
222: FMCVONL
223: CFTEQOTVSE
224: LAATGSI
225: CGCIISYMFW
226: GVJNII
227: CCKMVEOSKA
228: LQTMNVR
229: ISCDTTYKXE
230: CCZGWEPSGC
231: CRLYYV
232: FNQDH
233: MERVHDNTNL
234: FBJHV
235: LRFHDAAQNG
236: IKEWWHN
237: JLDVAMIYST
238: FSGGGZ
239: HLOUJO
240: LCEYSBS
241: MWERYCYWFX
242: CYNAGBHCKI
243: DNCGAKZKGN
244: DESMNCQNOY
245: DGTHIF
246: MOSFLCKYVY
247: FEAPVLIQES
248: NAAPUHGZQK
249: KGGRXFB
250: HUJLYCFYME
251: EYNEYBYKCM
252: MWRVXAUBIH
253: NETHTJKJWY
254: AYLDNEV
255: BYCSY
256: JOQGPS
257: ATSFASRBCX
258: JOAHGSZGYE
259: JTSMRT
260: CFFKAAFHXV
261: DFQJBBS
262: BOLT
263: BCDZH
264: GAY
265: FXALUAZDAR
266: JRTYSSASPV
267: IMTRFSXGUD
268: JSVGFIZDYJ
269: KMTNWXQSGX
270: FUKJDGJ
271: GBMNBWKJQF
272: GMJABCS
273: HYQYH
274: LARRY
275: AEKKF
276: AJTFD
277: AIDOON
278: ACLIQTG
279: AEJGYHIWGN
